autoplayvideos/build/intermediates/manifest_merge_blame_file/debug/manifest-merger-blame-debug-report.txt
1<?xml version="1.0" encoding="utf-8"?>
2<manifest xmlns:android="http://schemas.android.com/apk/res/android"
3    package="com.allattentionhere.autoplayvideos" >
4
5    <uses-sdk
6        android:minSdkVersion="16"
6-->src\main\AndroidManifest.xml
7        android:targetSdkVersion="32" />
7-->src\main\AndroidManifest.xml
8
9    <application
9-->src\main\AndroidManifest.xml:4:5-10:19
10        android:allowBackup="true"
10-->src\main\AndroidManifest.xml:4:18-44
11        android:label="@string/app_name"
11-->src\main\AndroidManifest.xml:5:45-77
12        android:supportsRtl="true"
12-->src\main\AndroidManifest.xml:6:9-35
13        android:usesCleartextTraffic="true" >
13-->src\main\AndroidManifest.xml:5:9-44
14        <service
14-->src\main\AndroidManifest.xml:7:9-9:40
15            android:name="com.allattentionhere.autoplayvideos.AAH_DownloadService"
15-->src\main\AndroidManifest.xml:8:13-48
16            android:exported="false" />
16-->src\main\AndroidManifest.xml:9:13-37
17    </application>
18
19</manifest>